<?xml version="1.0" encoding="UTF-8"?>
<robot generated="20171110 13:25:24.876" generator="Robot 3.0.2 (Python 2.7.13 on darwin)">
<suite source="/Users/tonydrake/gitrepos/shasta.angular/webShastaAutomation/KeywordsShastaQA/copyYesterdayTimeQA.robot" id="s1" name="copyYesterdayTimeQA">
<test id="s1-t1" name="Copy Yesterday's Time">
<kw name="Copy Yesterday's Time">
<tags>
<tag>Smoke</tag>
</tags>
<kw name="Open Browser" library="Selenium2Library">
<doc>Opens a new browser instance to given URL.</doc>
<arguments>
<arg>http://web.qa.shasta.esubonline.com/</arg>
<arg>Chrome</arg>
<arg>timeout=30</arg>
</arguments>
<msg timestamp="20171110 13:25:24.968" level="INFO">Opening browser 'Chrome' to base url 'http://web.qa.shasta.esubonline.com/'</msg>
<status status="PASS" endtime="20171110 13:25:27.682" starttime="20171110 13:25:24.968"></status>
</kw>
<kw name="Set Window Size" library="Selenium2Library">
<doc>Sets the `width` and `height` of the current window to the specified values.</doc>
<arguments>
<arg>${1600}</arg>
<arg>${1000}</arg>
</arguments>
<status status="PASS" endtime="20171110 13:25:27.811" starttime="20171110 13:25:27.682"></status>
</kw>
<kw name="Wait Until Page Contains" library="Selenium2Library">
<doc>Waits until `text` appears on current page.</doc>
<arguments>
<arg>eSUB</arg>
</arguments>
<status status="PASS" endtime="20171110 13:25:27.833" starttime="20171110 13:25:27.812"></status>
</kw>
<kw name="Sleep" library="BuiltIn">
<doc>Pauses the test executed for the given time.</doc>
<arguments>
<arg>3s</arg>
</arguments>
<msg timestamp="20171110 13:25:30.834" level="INFO">Slept 3 seconds</msg>
<status status="PASS" endtime="20171110 13:25:30.834" starttime="20171110 13:25:27.833"></status>
</kw>
<kw name="Input Text" library="Selenium2Library">
<doc>Types the given `text` into text field identified by `locator`.</doc>
<arguments>
<arg>id=txtUsername</arg>
<arg>Tonyd@esub.com</arg>
</arguments>
<msg timestamp="20171110 13:25:30.835" level="INFO">Typing text 'Tonyd@esub.com' into text field 'id=txtUsername'</msg>
<kw name="Capture Page Screenshot" library="Selenium2Library">
<doc>Takes a screenshot of the current page and embeds it into the log.</doc>
<msg timestamp="20171110 13:25:31.220" html="yes" level="INFO">&lt;/td&gt;&lt;/tr&gt;&lt;tr&gt;&lt;td colspan="3"&gt;&lt;a href="selenium-screenshot-1.png"&gt;&lt;img src="selenium-screenshot-1.png" width="800px"&gt;&lt;/a&gt;</msg>
<status status="PASS" endtime="20171110 13:25:31.220" starttime="20171110 13:25:30.851"></status>
</kw>
<msg timestamp="20171110 13:25:31.221" level="FAIL">ValueError: Element locator 'id=txtUsername' did not match any elements.</msg>
<status status="FAIL" endtime="20171110 13:25:31.221" starttime="20171110 13:25:30.834"></status>
</kw>
<status status="FAIL" endtime="20171110 13:25:31.221" starttime="20171110 13:25:24.967"></status>
</kw>
<status status="FAIL" endtime="20171110 13:25:31.222" critical="yes" starttime="20171110 13:25:24.967">ValueError: Element locator 'id=txtUsername' did not match any elements.</status>
</test>
<test id="s1-t2" name="Enter and Create Hours">
<kw name="Enter and Create Hours">
<kw name="Input Text" library="Selenium2Library">
<doc>Types the given `text` into text field identified by `locator`.</doc>
<arguments>
<arg>id=txtFormProject</arg>
<arg>10000 - Frank's House</arg>
</arguments>
<msg timestamp="20171110 13:25:31.223" level="INFO">Typing text '10000 - Frank's House' into text field 'id=txtFormProject'</msg>
<kw name="Capture Page Screenshot" library="Selenium2Library">
<doc>Takes a screenshot of the current page and embeds it into the log.</doc>
<msg timestamp="20171110 13:25:31.479" html="yes" level="INFO">&lt;/td&gt;&lt;/tr&gt;&lt;tr&gt;&lt;td colspan="3"&gt;&lt;a href="selenium-screenshot-2.png"&gt;&lt;img src="selenium-screenshot-2.png" width="800px"&gt;&lt;/a&gt;</msg>
<status status="PASS" endtime="20171110 13:25:31.479" starttime="20171110 13:25:31.240"></status>
</kw>
<msg timestamp="20171110 13:25:31.480" level="FAIL">ValueError: Element locator 'id=txtFormProject' did not match any elements.</msg>
<status status="FAIL" endtime="20171110 13:25:31.480" starttime="20171110 13:25:31.223"></status>
</kw>
<status status="FAIL" endtime="20171110 13:25:31.480" starttime="20171110 13:25:31.223"></status>
</kw>
<status status="FAIL" endtime="20171110 13:25:31.480" critical="yes" starttime="20171110 13:25:31.222">ValueError: Element locator 'id=txtFormProject' did not match any elements.</status>
</test>
<test id="s1-t3" name="Edit Timesheet under Grid Form">
<kw name="Edit Timesheet under Grid Form">
<kw name="Wait Until Page Contains" library="Selenium2Library">
<doc>Waits until `text` appears on current page.</doc>
<arguments>
<arg>Employee</arg>
<arg>timeout=7</arg>
</arguments>
<kw name="Capture Page Screenshot" library="Selenium2Library">
<doc>Takes a screenshot of the current page and embeds it into the log.</doc>
<msg timestamp="20171110 13:25:35.778" level="FAIL">NoSuchWindowException: Message: no such window: window was already closed
  (Session info: chrome=62.0.3202.89)
  (Driver info: chromedriver=2.33.506106 (8a06c39c4582fbfbab6966dbb1c38a9173bfb1a2),platform=Mac OS X 10.12.3 x86_64)
</msg>
<status status="FAIL" endtime="20171110 13:25:35.778" starttime="20171110 13:25:35.773"></status>
</kw>
<msg timestamp="20171110 13:25:35.778" level="WARN">Keyword 'Capture Page Screenshot' could not be run on failure: NoSuchWindowException: Message: no such window: window was already closed
  (Session info: chrome=62.0.3202.89)
  (Driver info: chromedriver=2.33.506106 (8a06c39c4582fbfbab6966dbb1c38a9173bfb1a2),platform=Mac OS X 10.12.3 x86_64)
</msg>
<msg timestamp="20171110 13:25:35.779" level="FAIL">NoSuchWindowException: Message: no such window: window was already closed
  (Session info: chrome=62.0.3202.89)
  (Driver info: chromedriver=2.33.506106 (8a06c39c4582fbfbab6966dbb1c38a9173bfb1a2),platform=Mac OS X 10.12.3 x86_64)
</msg>
<status status="FAIL" endtime="20171110 13:25:35.779" starttime="20171110 13:25:31.481"></status>
</kw>
<status status="FAIL" endtime="20171110 13:25:35.779" starttime="20171110 13:25:31.481"></status>
</kw>
<status status="FAIL" endtime="20171110 13:25:35.779" critical="yes" starttime="20171110 13:25:31.481">NoSuchWindowException: Message: no such window: window was already closed
  (Session info: chrome=62.0.3202.89)
  (Driver info: chromedriver=2.33.506106 (8a06c39c4582fbfbab6966dbb1c38a9173bfb1a2),platform=Mac OS X 10.12.3 x86_64)
</status>
</test>
<test id="s1-t4" name="Copy Time From Yesterday">
<kw name="Copy Time From Yesterday">
<kw name="Sleep" library="BuiltIn">
<doc>Pauses the test executed for the given time.</doc>
<arguments>
<arg>3s</arg>
</arguments>
<status status="FAIL" endtime="20171110 13:25:38.159" starttime="20171110 13:25:35.781"></status>
</kw>
<status status="FAIL" endtime="20171110 13:25:38.159" starttime="20171110 13:25:35.780"></status>
</kw>
<status status="FAIL" endtime="20171110 13:25:38.160" critical="yes" starttime="20171110 13:25:35.780">Execution terminated by signal</status>
</test>
<test id="s1-t5" name="Change Project Name">
<tags>
<tag>robot-exit</tag>
</tags>
<status status="FAIL" endtime="20171110 13:25:38.162" critical="yes" starttime="20171110 13:25:38.161">Test execution stopped due to a fatal error.</status>
</test>
<test id="s1-t6" name="Change Employee's Name">
<tags>
<tag>robot-exit</tag>
</tags>
<status status="FAIL" endtime="20171110 13:25:38.164" critical="yes" starttime="20171110 13:25:38.163">Test execution stopped due to a fatal error.</status>
</test>
<test id="s1-t7" name="Change System Field">
<tags>
<tag>robot-exit</tag>
</tags>
<status status="FAIL" endtime="20171110 13:25:38.165" critical="yes" starttime="20171110 13:25:38.164">Test execution stopped due to a fatal error.</status>
</test>
<test id="s1-t8" name="Add Note Before Submitting Time">
<tags>
<tag>robot-exit</tag>
</tags>
<status status="FAIL" endtime="20171110 13:25:38.167" critical="yes" starttime="20171110 13:25:38.166">Test execution stopped due to a fatal error.</status>
</test>
<test id="s1-t9" name="Sort By Project">
<tags>
<tag>robot-exit</tag>
</tags>
<status status="FAIL" endtime="20171110 13:25:38.168" critical="yes" starttime="20171110 13:25:38.167">Test execution stopped due to a fatal error.</status>
</test>
<test id="s1-t10" name="Sort By Employee">
<tags>
<tag>robot-exit</tag>
</tags>
<status status="FAIL" endtime="20171110 13:25:38.169" critical="yes" starttime="20171110 13:25:38.168">Test execution stopped due to a fatal error.</status>
</test>
<test id="s1-t11" name="Sory By Date">
<tags>
<tag>robot-exit</tag>
</tags>
<status status="FAIL" endtime="20171110 13:25:38.171" critical="yes" starttime="20171110 13:25:38.170">Test execution stopped due to a fatal error.</status>
</test>
<test id="s1-t12" name="Submit Time">
<tags>
<tag>robot-exit</tag>
</tags>
<status status="FAIL" endtime="20171110 13:25:38.171" critical="yes" starttime="20171110 13:25:38.171">Test execution stopped due to a fatal error.</status>
</test>
<doc>Enter time test suite</doc>
<status status="FAIL" endtime="20171110 13:25:38.173" starttime="20171110 13:25:24.878"></status>
</suite>
<statistics>
<total>
<stat fail="12" pass="0">Critical Tests</stat>
<stat fail="12" pass="0">All Tests</stat>
</total>
<tag>
<stat info="combined" fail="4" combined="NOT robot-exit" pass="0">NOT robot-exit</stat>
<stat fail="8" pass="0">robot-exit</stat>
</tag>
<suite>
<stat fail="12" id="s1" name="copyYesterdayTimeQA" pass="0">copyYesterdayTimeQA</stat>
</suite>
</statistics>
<errors>
<msg timestamp="20171110 13:25:35.778" level="WARN">Keyword 'Capture Page Screenshot' could not be run on failure: NoSuchWindowException: Message: no such window: window was already closed
  (Session info: chrome=62.0.3202.89)
  (Driver info: chromedriver=2.33.506106 (8a06c39c4582fbfbab6966dbb1c38a9173bfb1a2),platform=Mac OS X 10.12.3 x86_64)
</msg>
</errors>
</robot>
